Running: D:\ise\14.7\ISE_DS\ISE\bin\nt64\unwrapped\fuse.exe -intstyle ise -incremental -lib unisims_ver -lib unimacro_ver -lib xilinxcorelib_ver -lib secureip -o C:/Users/86133/Desktop/ise/3180105144_Lab4/3180105144_Lab4/bonus1/test_div_isim_beh.exe -prj C:/Users/86133/Desktop/ise/3180105144_Lab4/3180105144_Lab4/bonus1/test_div_beh.prj work.test_div work.glbl 
ISim P.20131013 (signature 0x7708f090)
Number of CPUs detected in this system: 8
Turning on mult-threading, number of parallel sub-compilation jobs: 16 
Determining compilation order of HDL files
Analyzing Verilog file "C:/Users/86133/Desktop/ise/3180105144_Lab4/3180105144_Lab4/bonus1/div.v" into library work
Analyzing Verilog file "C:/Users/86133/Desktop/ise/3180105144_Lab4/3180105144_Lab4/bonus1/test_div.v" into library work
Analyzing Verilog file "D:/ise/14.7/ISE_DS/ISE//verilog/src/glbl.v" into library work
Starting static elaboration
Completed static elaboration
Compiling module div
Compiling module test_div
Compiling module glbl
Time Resolution for simulation is 1ps.
Waiting for 1 sub-compilation(s) to finish...
WARNING:Simulator - Unable to copy libPortabilityNOSH.dll to the simulation executable directory: boost::filesystem::copy_file: 系统找不到指定的路径。, "isim\test_div_isim_beh.exe.sim\libPortability.dll".
Compiled 3 Verilog Units
Built simulation executable C:/Users/86133/Desktop/ise/3180105144_Lab4/3180105144_Lab4/bonus1/test_div_isim_beh.exe
Fuse Memory Usage: 27960 KB
Fuse CPU Usage: 280 ms
